[31m[1mCMake Error[0m at /home/subho/catkin_w_s/src/control_scripts/CMakeLists.txt:143 (add_executable):
  Cannot find source file:

    scripts/landing_node.cpp

  Tried extensions .c .C .c++ .cc .cpp .cxx .cu .m .M .mm .h .hh .h++ .hm
  .hpp .hxx .in .txx


[31m[1mCMake Error[0m at /home/subho/catkin_w_s/src/control_scripts/CMakeLists.txt:145 (add_executable):
  Cannot find source file:

    scripts/root_controller.cpp

  Tried extensions .c .C .c++ .cc .cpp .cxx .cu .m .M .mm .h .hh .h++ .hm
  .hpp .hxx .in .txx


[31m[1mCMake Error[0m at /home/subho/catkin_w_s/src/control_scripts/CMakeLists.txt:125 (add_library):
  Cannot find source file:

    scripts/takeoff_node.cpp

  Tried extensions .c .C .c++ .cc .cpp .cxx .cu .m .M .mm .h .hh .h++ .hm
  .hpp .hxx .in .txx


[31m[1mCMake Error[0m at /home/subho/catkin_w_s/src/control_scripts/CMakeLists.txt:143 (add_executable):
  No SOURCES given to target: landing_node


[31m[1mCMake Error[0m at /home/subho/catkin_w_s/src/control_scripts/CMakeLists.txt:145 (add_executable):
  No SOURCES given to target: root_controller


[31m[1mCMake Error[0m at /home/subho/catkin_w_s/src/control_scripts/CMakeLists.txt:125 (add_library):
  No SOURCES given to target: control_scripts


[31m[1mCMake Error[0m at /home/subho/catkin_w_s/src/control_scripts/CMakeLists.txt:141 (add_executable):
  No SOURCES given to target: takeoff_node


CMake Generate step failed.  Build files cannot be regenerated correctly.
make: *** [Makefile:880: cmake_check_build_system] Error 1
