In file included from /opt/ros/noetic/include/ros/ros.h:40,
                 from /home/subho/catkin_w_s/src/control_scripts/include/control_scripts/takeoff_node.hpp:4,
                 from /home/subho/catkin_w_s/src/control_scripts/src/scripts/root_controller.cpp:1:
/home/subho/catkin_w_s/src/control_scripts/src/scripts/root_controller.cpp: In function ‘int main(int, char**)’:
/home/subho/catkin_w_s/src/control_scripts/src/scripts/root_controller.cpp:36:26: warning: too many arguments for format [-Wformat-extra-args]
   36 |                 ROS_INFO("Moving to ", "x = %f", i, "location...");
      |                          ^~~~~~~~~~~~
/opt/ros/noetic/include/ros/console.h:351:165: note: in definition of macro ‘ROSCONSOLE_PRINT_AT_LOCATION_WITH_FILTER’
  351 |     ::ros::console::print(filter, __rosconsole_define_location__loc.logger_, __rosconsole_define_location__loc.level_, __FILE__, __LINE__, __ROSCONSOLE_FUNCTION__, __VA_ARGS__)
      |                                                                                                                                                                     ^~~~~~~~~~~
/opt/ros/noetic/include/ros/console.h:390:7: note: in expansion of macro ‘ROSCONSOLE_PRINT_AT_LOCATION’
  390 |       ROSCONSOLE_PRINT_AT_LOCATION(__VA_ARGS__); \
      |       ^~~~~~~~~~~~~~~~~~~~~~~~~~~~
/opt/ros/noetic/include/ros/console.h:575:35: note: in expansion of macro ‘ROS_LOG_COND’
  575 | #define ROS_LOG(level, name, ...) ROS_LOG_COND(true, level, name, __VA_ARGS__)
      |                                   ^~~~~~~~~~~~
/opt/ros/noetic/include/rosconsole/macros_generated.h:110:23: note: in expansion of macro ‘ROS_LOG’
  110 | #define ROS_INFO(...) ROS_LOG(::ros::console::levels::Info, ROSCONSOLE_DEFAULT_NAME, __VA_ARGS__)
      |                       ^~~~~~~
/home/subho/catkin_w_s/src/control_scripts/src/scripts/root_controller.cpp:36:17: note: in expansion of macro ‘ROS_INFO’
   36 |                 ROS_INFO("Moving to ", "x = %f", i, "location...");
      |                 ^~~~~~~~
