/usr/bin/ld: /usr/lib/gcc/aarch64-linux-gnu/9/../../../aarch64-linux-gnu/Scrt1.o: in function `_start':
(.text+0x18): undefined reference to `main'
/usr/bin/ld: (.text+0x1c): undefined reference to `main'
collect2: error: ld returned 1 exit status
/usr/bin/ld: /usr/lib/gcc/aarch64-linux-gnu/9/../../../aarch64-linux-gnu/Scrt1.o: in function `_start':
(.text+0x18): undefined reference to `main'
/usr/bin/ld: (.text+0x1c): undefined reference to `main'
collect2: error: ld returned 1 exit status
make[2]: *** [CMakeFiles/takeoff_node.dir/build.make:101: /home/subho/catkin_w_s/devel/.private/control_scripts/lib/control_scripts/takeoff_node] Error 1
make[1]: *** [CMakeFiles/Makefile2:460: CMakeFiles/takeoff_node.dir/all] Error 2
make[1]: *** Waiting for unfinished jobs....
make[2]: *** [CMakeFiles/offboard_node.dir/build.make:101: /home/subho/catkin_w_s/devel/.private/control_scripts/lib/control_scripts/offboard_node] Error 1
make[1]: *** [CMakeFiles/Makefile2:784: CMakeFiles/offboard_node.dir/all] Error 2
/usr/bin/ld: /usr/lib/gcc/aarch64-linux-gnu/9/../../../aarch64-linux-gnu/Scrt1.o: in function `_start':
(.text+0x18): undefined reference to `main'
/usr/bin/ld: (.text+0x1c): undefined reference to `main'
collect2: error: ld returned 1 exit status
make[2]: *** [CMakeFiles/position_control.dir/build.make:101: /home/subho/catkin_w_s/devel/.private/control_scripts/lib/control_scripts/position_control] Error 1
make[1]: *** [CMakeFiles/Makefile2:217: CMakeFiles/position_control.dir/all] Error 2
make: *** [Makefile:141: all] Error 2
